<?xml version="1.0" encoding="UTF-8"?>
<!-- Generated by org.testng.reporters.JUnitReportReporter -->
<testsuite hostname="DESKTOP-KHFPL78" failures="0" tests="3" name="Feb_28.FBLogin" time="21.096" errors="0" timestamp="2025-02-28T03:45:58 PST" skipped="0">
  <testcase classname="Feb_28.FBLogin" name="facebook" time="6.363"/>
  <testcase classname="Feb_28.FBLogin" name="facebook" time="6.867"/>
  <testcase classname="Feb_28.FBLogin" name="facebook" time="7.866"/>
</testsuite> <!-- Feb_28.FBLogin -->
