<?xml version="1.0" encoding="UTF-8"?>
<!-- Generated by org.testng.reporters.JUnitReportReporter -->
<testsuite hostname="DESKTOP-KHFPL78" failures="0" tests="5" name="Feb_28.GroupDemo" time="0.215" errors="0" timestamp="2025-02-28T01:40:19 PST" skipped="0">
  <testcase classname="Feb_28.GroupDemo" name="A" time="0.053"/>
  <testcase classname="Feb_28.GroupDemo" name="C" time="0.039"/>
  <testcase classname="Feb_28.GroupDemo" name="E" time="0.034"/>
  <testcase classname="Feb_28.GroupDemo" name="D" time="0.046"/>
  <testcase classname="Feb_28.GroupDemo" name="B" time="0.043"/>
</testsuite> <!-- Feb_28.GroupDemo -->
